flipy_birds2/androidexport/FlappyBirdsNew/GoogleMobileAdsPlugin.androidlib/build/outputs/logs/manifest-merger-debug-report.txt
-- Merging decision tree log ---
manifest
ADDED from FlappyBirdsNew\GoogleMobileAdsPlugin.androidlib\AndroidManifest.xml:7:1-14:12
INJECTED from FlappyBirdsNew\GoogleMobileAdsPlugin.androidlib\AndroidManifest.xml:7:1-14:12
INJECTED from FlappyBirdsNew\GoogleMobileAdsPlugin.androidlib\AndroidManifest.xml:7:1-14:12
INJECTED from FlappyBirdsNew\GoogleMobileAdsPlugin.androidlib\AndroidManifest.xml:7:1-14:12
INJECTED from FlappyBirdsNew\GoogleMobileAdsPlugin.androidlib\AndroidManifest.xml:7:1-14:12
INJECTED from FlappyBirdsNew\GoogleMobileAdsPlugin.androidlib\AndroidManifest.xml:7:1-14:12
INJECTED from FlappyBirdsNew\GoogleMobileAdsPlugin.androidlib\AndroidManifest.xml:7:1-14:12
	package
		ADDED from FlappyBirdsNew\GoogleMobileAdsPlugin.androidlib\AndroidManifest.xml:8:5-35
		INJECTED from FlappyBirdsNew\GoogleMobileAdsPlugin.androidlib\AndroidManifest.xml
		INJECTED from FlappyBirdsNew\GoogleMobileAdsPlugin.androidlib\AndroidManifest.xml
	android:versionName
		ADDED from FlappyBirdsNew\GoogleMobileAdsPlugin.androidlib\AndroidManifest.xml:9:5-30
		INJECTED from FlappyBirdsNew\GoogleMobileAdsPlugin.androidlib\AndroidManifest.xml
		INJECTED from FlappyBirdsNew\GoogleMobileAdsPlugin.androidlib\AndroidManifest.xml
	xmlns:android
		ADDED from FlappyBirdsNew\GoogleMobileAdsPlugin.androidlib\AndroidManifest.xml:7:11-69
	android:versionCode
		ADDED from FlappyBirdsNew\GoogleMobileAdsPlugin.androidlib\AndroidManifest.xml:10:5-28
		INJECTED from FlappyBirdsNew\GoogleMobileAdsPlugin.androidlib\AndroidManifest.xml
		INJECTED from FlappyBirdsNew\GoogleMobileAdsPlugin.androidlib\AndroidManifest.xml
application
ADDED from FlappyBirdsNew\GoogleMobileAdsPlugin.androidlib\AndroidManifest.xml:11:3-13:17
uses-library#org.apache.http.legacy
ADDED from FlappyBirdsNew\GoogleMobileAdsPlugin.androidlib\AndroidManifest.xml:12:5-83
	android:required
		ADDED from FlappyBirdsNew\GoogleMobileAdsPlugin.androidlib\AndroidManifest.xml:12:19-43
	android:name
		ADDED from FlappyBirdsNew\GoogleMobileAdsPlugin.androidlib\AndroidManifest.xml:12:44-81
uses-sdk
INJECTED from FlappyBirdsNew\GoogleMobileAdsPlugin.androidlib\AndroidManifest.xml reason: use-sdk injection requested
INJECTED from FlappyBirdsNew\GoogleMobileAdsPlugin.androidlib\AndroidManifest.xml
INJECTED from FlappyBirdsNew\GoogleMobileAdsPlugin.androidlib\AndroidManifest.xml
	android:targetSdkVersion
		INJECTED from FlappyBirdsNew\GoogleMobileAdsPlugin.androidlib\AndroidManifest.xml
		ADDED from FlappyBirdsNew\GoogleMobileAdsPlugin.androidlib\AndroidManifest.xml
		INJECTED from FlappyBirdsNew\GoogleMobileAdsPlugin.androidlib\AndroidManifest.xml